This file contains any messages produced by compilers while
running configure, to aid debugging if configure makes a mistake.

It was created by gbacklight configure 0.1, which was
generated by GNU Autoconf 2.61.  Invocation command line was

  $ ./configure 

## --------- ##
## Platform. ##
## --------- ##

hostname = kerekperec
uname -m = x86_64
uname -r = 2.6.23.1-42.fc8
uname -s = Linux
uname -v = #1 SMP Tue Oct 30 13:18:33 EDT 2007

/usr/bin/uname -p = unknown
/bin/uname -X     = unknown

/bin/arch              = x86_64
/usr/bin/arch -k       = unknown
/usr/convex/getsysinfo = unknown
/usr/bin/hostinfo      = unknown
/bin/machine           = unknown
/usr/bin/oslevel       = unknown
/bin/universe          = unknown

PATH: /usr/lib64/qt-3.3/bin
PATH: /usr/kerberos/bin
PATH: /usr/lib64/ccache
PATH: /usr/local/bin
PATH: /bin
PATH: /usr/bin
PATH: /home/nogradi/bin
PATH: /home/nogradi/bin


## ----------- ##
## Core tests. ##
## ----------- ##

configure:1782: checking for a BSD-compatible install
configure:1838: result: /usr/bin/install -c
configure:1849: checking whether build environment is sane
configure:1892: result: yes
configure:1920: checking for a thread-safe mkdir -p
configure:1959: result: /bin/mkdir -p
configure:1972: checking for gawk
configure:1988: found /bin/gawk
configure:1999: result: gawk
configure:2010: checking whether make sets $(MAKE)
configure:2031: result: yes
configure:2219: checking whether to enable maintainer-specific portions of Makefiles
configure:2228: result: no
configure:2293: checking for gcc
configure:2309: found /usr/lib64/ccache/gcc
configure:2320: result: gcc
configure:2558: checking for C compiler version
configure:2565: gcc --version >&5
gcc (GCC) 4.1.2 20070925 (Red Hat 4.1.2-33)
Copyright (C) 2006 Free Software Foundation, Inc.
This is free software; see the source for copying conditions.  There is NO
warranty; not even for MERCHANTABILITY or FITNESS FOR A PARTICULAR PURPOSE.

configure:2568: $? = 0
configure:2575: gcc -v >&5
Using built-in specs.
Target: x86_64-redhat-linux
Configured with: ../configure --prefix=/usr --mandir=/usr/share/man --infodir=/usr/share/info --enable-shared --enable-threads=posix --enable-checking=release --with-system-zlib --enable-__cxa_atexit --disable-libunwind-exceptions --enable-languages=c,c++,objc,obj-c++,java,fortran,ada --enable-java-awt=gtk --disable-dssi --enable-plugin --with-java-home=/usr/lib/jvm/java-1.5.0-gcj-1.5.0.0/jre --enable-libgcj-multifile --enable-java-maintainer-mode --with-ecj-jar=/usr/share/java/eclipse-ecj.jar --with-cpu=generic --host=x86_64-redhat-linux
Thread model: posix
gcc version 4.1.2 20070925 (Red Hat 4.1.2-33)
configure:2578: $? = 0
configure:2585: gcc -V >&5
gcc: '-V' option must have argument
configure:2588: $? = 1
configure:2611: checking for C compiler default output file name
configure:2638: gcc    conftest.c  >&5
configure:2641: $? = 0
configure:2679: result: a.out
configure:2696: checking whether the C compiler works
configure:2706: ./a.out
configure:2709: $? = 0
configure:2726: result: yes
configure:2733: checking whether we are cross compiling
configure:2735: result: no
configure:2738: checking for suffix of executables
configure:2745: gcc -o conftest    conftest.c  >&5
configure:2748: $? = 0
configure:2772: result: 
configure:2778: checking for suffix of object files
configure:2804: gcc -c   conftest.c >&5
configure:2807: $? = 0
configure:2830: result: o
configure:2834: checking whether we are using the GNU C compiler
configure:2863: gcc -c   conftest.c >&5
configure:2869: $? = 0
configure:2886: result: yes
configure:2891: checking whether gcc accepts -g
configure:2921: gcc -c -g  conftest.c >&5
configure:2927: $? = 0
configure:3026: result: yes
configure:3043: checking for gcc option to accept ISO C89
configure:3117: gcc  -c -g -O2  conftest.c >&5
configure:3123: $? = 0
configure:3146: result: none needed
configure:3175: checking for style of include used by make
configure:3203: result: GNU
configure:3228: checking dependency style of gcc
configure:3319: result: gcc3
configure:3347: checking for a BSD-compatible install
configure:3403: result: /usr/bin/install -c
configure:3465: checking for pkg-config
configure:3483: found /usr/bin/pkg-config
configure:3495: result: /usr/bin/pkg-config
configure:3524: checking pkg-config is at least version 0.9.0
configure:3527: result: yes
configure:3538: checking for XRANDR
configure:3546: $PKG_CONFIG --exists --print-errors "xrandr >= 1.2.0 xrender x11"
configure:3549: $? = 0
configure:3564: $PKG_CONFIG --exists --print-errors "xrandr >= 1.2.0 xrender x11"
configure:3567: $? = 0
configure:3643: result: yes
configure:3649: checking for GTK
configure:3657: $PKG_CONFIG --exists --print-errors "gtk+-2.0"
configure:3660: $? = 0
configure:3675: $PKG_CONFIG --exists --print-errors "gtk+-2.0"
configure:3678: $? = 0
configure:3754: result: yes
configure:3771: checking build system type
configure:3789: result: x86_64-unknown-linux-gnu
configure:3811: checking host system type
configure:3826: result: x86_64-unknown-linux-gnu
configure:4082: creating ./config.status

## ---------------------- ##
## Running config.status. ##
## ---------------------- ##

This file was extended by gbacklight config.status 0.1, which was
generated by GNU Autoconf 2.61.  Invocation command line was

  CONFIG_FILES    = 
  CONFIG_HEADERS  = 
  CONFIG_LINKS    = 
  CONFIG_COMMANDS = 
  $ ./config.status 

on kerekperec

config.status:663: creating Makefile
config.status:663: creating config.h
config.status:882: config.h is unchanged
config.status:928: executing depfiles commands

## ---------------- ##
## Cache variables. ##
## ---------------- ##

ac_cv_build=x86_64-unknown-linux-gnu
ac_cv_c_compiler_gnu=yes
ac_cv_env_CC_set=
ac_cv_env_CC_value=
ac_cv_env_CFLAGS_set=
ac_cv_env_CFLAGS_value=
ac_cv_env_CPPFLAGS_set=
ac_cv_env_CPPFLAGS_value=
ac_cv_env_GTK_CFLAGS_set=
ac_cv_env_GTK_CFLAGS_value=
ac_cv_env_GTK_LIBS_set=
ac_cv_env_GTK_LIBS_value=
ac_cv_env_LDFLAGS_set=
ac_cv_env_LDFLAGS_value=
ac_cv_env_LIBS_set=
ac_cv_env_LIBS_value=
ac_cv_env_PKG_CONFIG_set=
ac_cv_env_PKG_CONFIG_value=
ac_cv_env_XRANDR_CFLAGS_set=
ac_cv_env_XRANDR_CFLAGS_value=
ac_cv_env_XRANDR_LIBS_set=
ac_cv_env_XRANDR_LIBS_value=
ac_cv_env_build_alias_set=
ac_cv_env_build_alias_value=
ac_cv_env_host_alias_set=
ac_cv_env_host_alias_value=
ac_cv_env_target_alias_set=
ac_cv_env_target_alias_value=
ac_cv_host=x86_64-unknown-linux-gnu
ac_cv_objext=o
ac_cv_path_ac_pt_PKG_CONFIG=/usr/bin/pkg-config
ac_cv_path_install='/usr/bin/install -c'
ac_cv_path_mkdir=/bin/mkdir
ac_cv_prog_AWK=gawk
ac_cv_prog_ac_ct_CC=gcc
ac_cv_prog_cc_c89=
ac_cv_prog_cc_g=yes
ac_cv_prog_make_make_set=yes
am_cv_CC_dependencies_compiler_type=gcc3
pkg_cv_GTK_CFLAGS='-I/usr/include/gtk-2.0 -I/usr/lib64/gtk-2.0/include -I/usr/include/atk-1.0 -I/usr/include/cairo -I/usr/include/pango-1.0 -I/usr/include/glib-2.0 -I/usr/lib64/glib-2.0/include  '
pkg_cv_GTK_LIBS='-lgtk-x11-2.0 -lgdk-x11-2.0 -latk-1.0 -lgdk_pixbuf-2.0 -lpangocairo-1.0 -lpango-1.0 -lcairo -lgobject-2.0 -lgmodule-2.0 -ldl -lglib-2.0  '
pkg_cv_XRANDR_CFLAGS=' '
pkg_cv_XRANDR_LIBS='-lXrandr -lXrender -lX11  '

## ----------------- ##
## Output variables. ##
## ----------------- ##

ACLOCAL='${SHELL} /home/nogradi/files/c/gbacklight/missing --run aclocal-1.10'
ADMIN_MAN_DIR='$(mandir)/man$(ADMIN_MAN_SUFFIX)'
ADMIN_MAN_SUFFIX='8'
AMDEPBACKSLASH='\'
AMDEP_FALSE='#'
AMDEP_TRUE=''
AMTAR='${SHELL} /home/nogradi/files/c/gbacklight/missing --run tar'
APP_MAN_DIR='$(mandir)/man$(APP_MAN_SUFFIX)'
APP_MAN_SUFFIX='1'
AUTOCONF='${SHELL} /home/nogradi/files/c/gbacklight/missing --run autoconf'
AUTOHEADER='${SHELL} /home/nogradi/files/c/gbacklight/missing --run autoheader'
AUTOMAKE='${SHELL} /home/nogradi/files/c/gbacklight/missing --run automake-1.10'
AWK='gawk'
CC='gcc'
CCDEPMODE='depmode=gcc3'
CFLAGS='-g -O2'
CPPFLAGS=''
CYGPATH_W='echo'
DEFS='-DHAVE_CONFIG_H'
DEPDIR='.deps'
DRIVER_MAN_DIR='$(mandir)/man$(DRIVER_MAN_SUFFIX)'
DRIVER_MAN_SUFFIX='4'
ECHO_C=''
ECHO_N='-n'
ECHO_T=''
EXEEXT=''
FILE_MAN_DIR='$(mandir)/man$(FILE_MAN_SUFFIX)'
FILE_MAN_SUFFIX='5'
GTK_CFLAGS='-I/usr/include/gtk-2.0 -I/usr/lib64/gtk-2.0/include -I/usr/include/atk-1.0 -I/usr/include/cairo -I/usr/include/pango-1.0 -I/usr/include/glib-2.0 -I/usr/lib64/glib-2.0/include  '
GTK_LIBS='-lgtk-x11-2.0 -lgdk-x11-2.0 -latk-1.0 -lgdk_pixbuf-2.0 -lpangocairo-1.0 -lpango-1.0 -lcairo -lgobject-2.0 -lgmodule-2.0 -ldl -lglib-2.0  '
INSTALL_DATA='${INSTALL} -m 644'
INSTALL_PROGRAM='${INSTALL}'
INSTALL_SCRIPT='${INSTALL}'
INSTALL_STRIP_PROGRAM='$(install_sh) -c -s'
LDFLAGS=''
LIBOBJS=''
LIBS=''
LIB_MAN_DIR='$(mandir)/man$(LIB_MAN_SUFFIX)'
LIB_MAN_SUFFIX='3'
LTLIBOBJS=''
MAINT='#'
MAINTAINER_MODE_FALSE=''
MAINTAINER_MODE_TRUE='#'
MAKEINFO='${SHELL} /home/nogradi/files/c/gbacklight/missing --run makeinfo'
MISC_MAN_DIR='$(mandir)/man$(MISC_MAN_SUFFIX)'
MISC_MAN_SUFFIX='7'
OBJEXT='o'
PACKAGE='gbacklight'
PACKAGE_BUGREPORT='http://code.google.com/p/gbacklight'
PACKAGE_NAME='gbacklight'
PACKAGE_STRING='gbacklight 0.1'
PACKAGE_TARNAME='gbacklight'
PACKAGE_VERSION='0.1'
PATH_SEPARATOR=':'
PKG_CONFIG='/usr/bin/pkg-config'
SET_MAKE=''
SHELL='/bin/sh'
STRIP=''
VERSION='0.1'
XRANDR_CFLAGS=' '
XRANDR_LIBS='-lXrandr -lXrender -lX11  '
ac_ct_CC='gcc'
am__fastdepCC_FALSE='#'
am__fastdepCC_TRUE=''
am__include='include'
am__isrc=''
am__leading_dot='.'
am__quote=''
am__tar='${AMTAR} chof - "$$tardir"'
am__untar='${AMTAR} xf -'
bindir='${exec_prefix}/bin'
build='x86_64-unknown-linux-gnu'
build_alias=''
build_cpu='x86_64'
build_os='linux-gnu'
build_vendor='unknown'
datadir='${datarootdir}'
datarootdir='${prefix}/share'
docdir='${datarootdir}/doc/${PACKAGE_TARNAME}'
dvidir='${docdir}'
exec_prefix='${prefix}'
host='x86_64-unknown-linux-gnu'
host_alias=''
host_cpu='x86_64'
host_os='linux-gnu'
host_vendor='unknown'
htmldir='${docdir}'
includedir='${prefix}/include'
infodir='${datarootdir}/info'
install_sh='$(SHELL) /home/nogradi/files/c/gbacklight/install-sh'
libdir='${exec_prefix}/lib'
libexecdir='${exec_prefix}/libexec'
localedir='${datarootdir}/locale'
localstatedir='${prefix}/var'
mandir='${datarootdir}/man'
mkdir_p='/bin/mkdir -p'
oldincludedir='/usr/include'
pdfdir='${docdir}'
prefix='/usr/local'
program_transform_name='s,x,x,'
psdir='${docdir}'
sbindir='${exec_prefix}/sbin'
sharedstatedir='${prefix}/com'
sysconfdir='${prefix}/etc'
target_alias=''

## ----------- ##
## confdefs.h. ##
## ----------- ##

#define PACKAGE_NAME "gbacklight"
#define PACKAGE_TARNAME "gbacklight"
#define PACKAGE_VERSION "0.1"
#define PACKAGE_STRING "gbacklight 0.1"
#define PACKAGE_BUGREPORT "http://code.google.com/p/gbacklight"
#define PACKAGE "gbacklight"
#define VERSION "0.1"
#define PACKAGE_VERSION_MAJOR 0
#define PACKAGE_VERSION_MINOR 1
#define PACKAGE_VERSION_PATCHLEVEL 0

configure: exit 0
